<?xml version="1.0" encoding="UTF-8"?>
<testsuite xmlns:xsi="http://www.w3.org/2001/XMLSchema-instance" xsi:noNamespaceSchemaLocation="https://maven.apache.org/surefire/maven-surefire-plugin/xsd/surefire-test-report.xsd" name="com.finch.app.TestRecognizerAccept" time="0.405" tests="5" errors="0" skipped="0" failures="0">
  <properties>
    <property name="awt.toolkit" value="sun.awt.X11.XToolkit"/>
    <property name="file.encoding.pkg" value="sun.io"/>
    <property name="java.specification.version" value="1.8"/>
    <property name="sun.cpu.isalist" value=""/>
    <property name="sun.jnu.encoding" value="UTF-8"/>
    <property name="java.class.path" value="/home/benf/SCAD/scad/target/test-classes:/home/benf/SCAD/scad/target/classes:/home/benf/.m2/repository/junit/junit/4.13/junit-4.13.jar:/home/benf/.m2/repository/org/hamcrest/hamcrest-core/1.3/hamcrest-core-1.3.jar:/home/benf/.m2/repository/org/parboiled/parboiled-java/1.1.8/parboiled-java-1.1.8.jar:/home/benf/.m2/repository/org/parboiled/parboiled-core/1.1.8/parboiled-core-1.1.8.jar:/home/benf/.m2/repository/org/ow2/asm/asm/5.2/asm-5.2.jar:/home/benf/.m2/repository/org/ow2/asm/asm-tree/5.2/asm-tree-5.2.jar:/home/benf/.m2/repository/org/ow2/asm/asm-analysis/5.2/asm-analysis-5.2.jar:/home/benf/.m2/repository/org/ow2/asm/asm-util/5.2/asm-util-5.2.jar:"/>
    <property name="java.vm.vendor" value="Oracle Corporation"/>
    <property name="sun.arch.data.model" value="64"/>
    <property name="java.vendor.url" value="http://java.oracle.com/"/>
    <property name="user.timezone" value=""/>
    <property name="java.vm.specification.version" value="1.8"/>
    <property name="os.name" value="Linux"/>
    <property name="user.country" value="CA"/>
    <property name="sun.java.launcher" value="SUN_STANDARD"/>
    <property name="sun.boot.library.path" value="/home/benf/.sdkman/candidates/java/8.0.252-open/jre/lib/amd64"/>
    <property name="sun.java.command" value="/home/benf/SCAD/scad/target/surefire/surefirebooter2292462028880029838.jar /home/benf/SCAD/scad/target/surefire 2020-08-27T02-24-14_863-jvmRun1 surefire6597307706030708455tmp surefire_07547969718097560041tmp"/>
    <property name="surefire.test.class.path" value="/home/benf/SCAD/scad/target/test-classes:/home/benf/SCAD/scad/target/classes:/home/benf/.m2/repository/junit/junit/4.13/junit-4.13.jar:/home/benf/.m2/repository/org/hamcrest/hamcrest-core/1.3/hamcrest-core-1.3.jar:/home/benf/.m2/repository/org/parboiled/parboiled-java/1.1.8/parboiled-java-1.1.8.jar:/home/benf/.m2/repository/org/parboiled/parboiled-core/1.1.8/parboiled-core-1.1.8.jar:/home/benf/.m2/repository/org/ow2/asm/asm/5.2/asm-5.2.jar:/home/benf/.m2/repository/org/ow2/asm/asm-tree/5.2/asm-tree-5.2.jar:/home/benf/.m2/repository/org/ow2/asm/asm-analysis/5.2/asm-analysis-5.2.jar:/home/benf/.m2/repository/org/ow2/asm/asm-util/5.2/asm-util-5.2.jar:"/>
    <property name="sun.cpu.endian" value="little"/>
    <property name="user.home" value="/home/benf"/>
    <property name="user.language" value="en"/>
    <property name="java.specification.vendor" value="Oracle Corporation"/>
    <property name="java.home" value="/home/benf/.sdkman/candidates/java/8.0.252-open/jre"/>
    <property name="basedir" value="/home/benf/SCAD/scad"/>
    <property name="file.separator" value="/"/>
    <property name="line.separator" value="&#10;"/>
    <property name="java.vm.specification.vendor" value="Oracle Corporation"/>
    <property name="java.specification.name" value="Java Platform API Specification"/>
    <property name="java.awt.graphicsenv" value="sun.awt.X11GraphicsEnvironment"/>
    <property name="surefire.real.class.path" value="/home/benf/SCAD/scad/target/surefire/surefirebooter2292462028880029838.jar"/>
    <property name="sun.boot.class.path" value="/home/benf/.sdkman/candidates/java/8.0.252-open/jre/lib/resources.jar:/home/benf/.sdkman/candidates/java/8.0.252-open/jre/lib/rt.jar:/home/benf/.sdkman/candidates/java/8.0.252-open/jre/lib/sunrsasign.jar:/home/benf/.sdkman/candidates/java/8.0.252-open/jre/lib/jsse.jar:/home/benf/.sdkman/candidates/java/8.0.252-open/jre/lib/jce.jar:/home/benf/.sdkman/candidates/java/8.0.252-open/jre/lib/charsets.jar:/home/benf/.sdkman/candidates/java/8.0.252-open/jre/lib/jfr.jar:/home/benf/.sdkman/candidates/java/8.0.252-open/jre/classes"/>
    <property name="sun.management.compiler" value="HotSpot 64-Bit Tiered Compilers"/>
    <property name="java.runtime.version" value="1.8.0_252-b09"/>
    <property name="user.name" value="benf"/>
    <property name="path.separator" value=":"/>
    <property name="os.version" value="5.4.52-1-MANJARO"/>
    <property name="java.endorsed.dirs" value="/home/benf/.sdkman/candidates/java/8.0.252-open/jre/lib/endorsed"/>
    <property name="java.runtime.name" value="OpenJDK Runtime Environment"/>
    <property name="file.encoding" value="UTF-8"/>
    <property name="java.vm.name" value="OpenJDK 64-Bit Server VM"/>
    <property name="localRepository" value="/home/benf/.m2/repository"/>
    <property name="java.vendor.url.bug" value="http://bugreport.sun.com/bugreport/"/>
    <property name="java.io.tmpdir" value="/tmp"/>
    <property name="java.version" value="1.8.0_252"/>
    <property name="user.dir" value="/home/benf/SCAD/scad"/>
    <property name="os.arch" value="amd64"/>
    <property name="java.vm.specification.name" value="Java Virtual Machine Specification"/>
    <property name="java.awt.printerjob" value="sun.print.PSPrinterJob"/>
    <property name="sun.os.patch.level" value="unknown"/>
    <property name="java.library.path" value="/usr/java/packages/lib/amd64:/usr/lib64:/lib64:/lib:/usr/lib"/>
    <property name="java.vm.info" value="mixed mode"/>
    <property name="java.vendor" value="Oracle Corporation"/>
    <property name="java.vm.version" value="25.252-b09"/>
    <property name="java.ext.dirs" value="/home/benf/.sdkman/candidates/java/8.0.252-open/jre/lib/ext:/usr/java/packages/lib/ext"/>
    <property name="sun.io.unicode.encoding" value="UnicodeLittle"/>
    <property name="java.class.version" value="52.0"/>
  </properties>
  <testcase name="shouldAcceptInput[0]" classname="com.finch.app.TestRecognizerAccept" time="0.161"/>
  <testcase name="shouldAcceptInput[1]" classname="com.finch.app.TestRecognizerAccept" time="0.02"/>
  <testcase name="shouldAcceptInput[2]" classname="com.finch.app.TestRecognizerAccept" time="0.022"/>
  <testcase name="shouldAcceptInput[3]" classname="com.finch.app.TestRecognizerAccept" time="0.041"/>
  <testcase name="shouldAcceptInput[4]" classname="com.finch.app.TestRecognizerAccept" time="0.119"/>
</testsuite>